Starting Training
Explainibility training started
Begin epoch 0
Batch 0 of 37 of epoch 0
Discriminator Step 1 of 1
Generator step 7 of 7
Batch 1 of 37 of epoch 0
Discriminator Step 1 of 1
Generator step 7 of 7
Batch 2 of 37 of epoch 0
Discriminator Step 1 of 1
Generator step 7 of 7
Batch 3 of 37 of epoch 0
Discriminator Step 1 of 1
Generator step 7 of 7
Batch 4 of 37 of epoch 0
Discriminator Step 1 of 1
Generator step 7 of 7
Batch 5 of 37 of epoch 0
Discriminator Step 1 of 1
Generator step 7 of 7
Batch 6 of 37 of epoch 0
Discriminator Step 1 of 1
Generator step 7 of 7
Batch 7 of 37 of epoch 0
Discriminator Step 1 of 1
Generator step 7 of 7
Batch 8 of 37 of epoch 0
Discriminator Step 1 of 1
Generator step 7 of 7
Batch 9 of 37 of epoch 0
Discriminator Step 1 of 1
Generator step 7 of 7
Batch 10 of 37 of epoch 0
Discriminator Step 1 of 1
Generator step 7 of 7
Batch 11 of 37 of epoch 0
Discriminator Step 1 of 1
Generator step 7 of 7
Batch 12 of 37 of epoch 0
Discriminator Step 1 of 1
Generator step 7 of 7
Batch 13 of 37 of epoch 0
Discriminator Step 1 of 1
Generator step 7 of 7
Batch 14 of 37 of epoch 0
Discriminator Step 1 of 1
Generator step 7 of 7
Batch 15 of 37 of epoch 0
Discriminator Step 1 of 1
Generator step 7 of 7
Batch 16 of 37 of epoch 0
Discriminator Step 1 of 1
Generator step 7 of 7
Batch 17 of 37 of epoch 0
Discriminator Step 1 of 1
Generator step 7 of 7
Batch 18 of 37 of epoch 0
Discriminator Step 1 of 1
Generator step 7 of 7
Batch 19 of 37 of epoch 0
Discriminator Step 1 of 1
Generator step 7 of 7
Batch 20 of 37 of epoch 0
Discriminator Step 1 of 1
Generator step 7 of 7
Batch 21 of 37 of epoch 0
Discriminator Step 1 of 1
Generator step 7 of 7
Batch 22 of 37 of epoch 0
Discriminator Step 1 of 1
Generator step 7 of 7
Batch 23 of 37 of epoch 0
Discriminator Step 1 of 1
Generator step 7 of 7
Batch 24 of 37 of epoch 0
Discriminator Step 1 of 1
Generator step 7 of 7
Batch 25 of 37 of epoch 0
Discriminator Step 1 of 1
Generator step 7 of 7
Batch 26 of 37 of epoch 0
Discriminator Step 1 of 1
Generator step 7 of 7
Batch 27 of 37 of epoch 0
Discriminator Step 1 of 1
Generator step 7 of 7
Batch 28 of 37 of epoch 0
Discriminator Step 1 of 1
Generator step 7 of 7
Batch 29 of 37 of epoch 0
Discriminator Step 1 of 1
Generator step 7 of 7
Batch 30 of 37 of epoch 0
Discriminator Step 1 of 1
Generator step 7 of 7
Batch 31 of 37 of epoch 0
Discriminator Step 1 of 1
Generator step 7 of 7
Batch 32 of 37 of epoch 0
Discriminator Step 1 of 1
Generator step 7 of 7
Batch 33 of 37 of epoch 0
Discriminator Step 1 of 1
Generator step 7 of 7
Batch 34 of 37 of epoch 0
Discriminator Step 1 of 1
Generator step 7 of 7
Batch 35 of 37 of epoch 0
Discriminator Step 1 of 1
Generator step 7 of 7
Batch 36 of 37 of epoch 0
Discriminator Step 1 of 1
Generator step 7 of 7
Ep: 0, average train loss: wgan: 0.0056031,diff: 0.0056031
Ep: 0, average train loss: gen : -0.0005063,diff: -0.0005063
Evaluating performance
 atch 0 of 4
Looking for example data
Found Example Disease Data

 atch 3 of 4
/usr/sci/cibc/ProjectsAndScratch/DeekshithMLECG/explainability/training.py:118: UserWarning: Tight layout not applied. tight_layout cannot make Axes height small enough to accommodate all Axes decorations.
  plt.tight_layout()
Logging to wandb
Begin epoch 1
Batch 0 of 37 of epoch 1
Discriminator Step 1 of 1
Generator step 7 of 7
Batch 1 of 37 of epoch 1
Discriminator Step 1 of 1
Generator step 7 of 7
Batch 2 of 37 of epoch 1
Discriminator Step 1 of 1
Generator step 7 of 7
Batch 3 of 37 of epoch 1
Discriminator Step 1 of 1
Generator step 7 of 7
Batch 4 of 37 of epoch 1
Discriminator Step 1 of 1
Generator step 7 of 7
Batch 5 of 37 of epoch 1
Discriminator Step 1 of 1
Generator step 7 of 7
Batch 6 of 37 of epoch 1
Discriminator Step 1 of 1
Generator step 7 of 7
Batch 7 of 37 of epoch 1
Discriminator Step 1 of 1
Generator step 7 of 7
Batch 8 of 37 of epoch 1
Discriminator Step 1 of 1
Generator step 7 of 7
Batch 9 of 37 of epoch 1
Discriminator Step 1 of 1
Generator step 7 of 7
Batch 10 of 37 of epoch 1
Discriminator Step 1 of 1
Generator step 7 of 7
Batch 11 of 37 of epoch 1
Discriminator Step 1 of 1
Generator step 7 of 7
Batch 12 of 37 of epoch 1
Discriminator Step 1 of 1
Generator step 7 of 7
Batch 13 of 37 of epoch 1
Discriminator Step 1 of 1
Generator step 7 of 7
Batch 14 of 37 of epoch 1
Discriminator Step 1 of 1
Generator step 7 of 7
Batch 15 of 37 of epoch 1
Discriminator Step 1 of 1
Generator step 7 of 7
Batch 16 of 37 of epoch 1
Discriminator Step 1 of 1
Generator step 7 of 7
Batch 17 of 37 of epoch 1
Discriminator Step 1 of 1
Generator step 7 of 7
Batch 18 of 37 of epoch 1
Discriminator Step 1 of 1
Generator step 7 of 7
Batch 19 of 37 of epoch 1
Discriminator Step 1 of 1
Generator step 7 of 7
Batch 20 of 37 of epoch 1
Discriminator Step 1 of 1
Generator step 7 of 7
Batch 21 of 37 of epoch 1
Discriminator Step 1 of 1
Generator step 7 of 7
Batch 22 of 37 of epoch 1
Discriminator Step 1 of 1
Generator step 7 of 7
Batch 23 of 37 of epoch 1
Discriminator Step 1 of 1
Generator step 7 of 7
Batch 24 of 37 of epoch 1
Discriminator Step 1 of 1
Generator step 7 of 7
Batch 25 of 37 of epoch 1
Discriminator Step 1 of 1
Generator step 7 of 7
Batch 26 of 37 of epoch 1
Discriminator Step 1 of 1
Generator step 7 of 7
Batch 27 of 37 of epoch 1
Discriminator Step 1 of 1
Generator step 7 of 7
Batch 28 of 37 of epoch 1
Discriminator Step 1 of 1
Generator step 7 of 7
Batch 29 of 37 of epoch 1
Discriminator Step 1 of 1
Generator step 7 of 7
Batch 30 of 37 of epoch 1
Discriminator Step 1 of 1
Generator step 7 of 7
Batch 31 of 37 of epoch 1
Discriminator Step 1 of 1
Generator step 7 of 7
Batch 32 of 37 of epoch 1
Discriminator Step 1 of 1
Generator step 7 of 7
Batch 33 of 37 of epoch 1
Discriminator Step 1 of 1
Generator step 7 of 7
Batch 34 of 37 of epoch 1
Discriminator Step 1 of 1
Generator step 7 of 7
Batch 35 of 37 of epoch 1
Discriminator Step 1 of 1
Generator step 7 of 7
Batch 36 of 37 of epoch 1
Discriminator Step 1 of 1
Generator step 7 of 7
Ep: 1, average train loss: wgan: 0.0059279,diff: 0.0003249
Ep: 1, average train loss: gen : 0.0001638,diff: 0.0006701
Evaluating performance
 atch 0 of 4
Looking for example data
Found Example Disease Data

 atch 3 of 4
/usr/sci/cibc/ProjectsAndScratch/DeekshithMLECG/explainability/training.py:118: UserWarning:

Tight layout not applied. tight_layout cannot make Axes height small enough to accommodate all Axes decorations.
Logging to wandb
Begin epoch 2
Batch 0 of 37 of epoch 2
Discriminator Step 1 of 1
Generator step 7 of 7
Batch 1 of 37 of epoch 2
Discriminator Step 1 of 1
Generator step 7 of 7
Batch 2 of 37 of epoch 2
Discriminator Step 1 of 1
Generator step 7 of 7
Batch 3 of 37 of epoch 2
Discriminator Step 1 of 1
Generator step 7 of 7
Batch 4 of 37 of epoch 2
Discriminator Step 1 of 1
Generator step 7 of 7
Batch 5 of 37 of epoch 2
Discriminator Step 1 of 1
Generator step 7 of 7
Batch 6 of 37 of epoch 2
Discriminator Step 1 of 1
Generator step 7 of 7
Batch 7 of 37 of epoch 2
Discriminator Step 1 of 1
Generator step 7 of 7
Batch 8 of 37 of epoch 2
Discriminator Step 1 of 1
Generator step 7 of 7
Batch 9 of 37 of epoch 2
Discriminator Step 1 of 1
Generator step 7 of 7
Batch 10 of 37 of epoch 2
Discriminator Step 1 of 1
Generator step 7 of 7
Batch 11 of 37 of epoch 2
Discriminator Step 1 of 1
Generator step 7 of 7
Batch 12 of 37 of epoch 2
Discriminator Step 1 of 1
Generator step 7 of 7
Batch 13 of 37 of epoch 2
Discriminator Step 1 of 1
Generator step 7 of 7
Batch 14 of 37 of epoch 2
Discriminator Step 1 of 1
Generator step 7 of 7
Batch 15 of 37 of epoch 2
Discriminator Step 1 of 1
Generator step 7 of 7
Batch 16 of 37 of epoch 2
Discriminator Step 1 of 1
Generator step 7 of 7
Batch 17 of 37 of epoch 2
Discriminator Step 1 of 1
Generator step 7 of 7
Batch 18 of 37 of epoch 2
Discriminator Step 1 of 1
Generator step 7 of 7
Batch 19 of 37 of epoch 2
Discriminator Step 1 of 1
Generator step 7 of 7
Batch 20 of 37 of epoch 2
Discriminator Step 1 of 1
Generator step 7 of 7
Batch 21 of 37 of epoch 2
Discriminator Step 1 of 1
Generator step 7 of 7
Batch 22 of 37 of epoch 2
Discriminator Step 1 of 1
Generator step 7 of 7
Batch 23 of 37 of epoch 2
Discriminator Step 1 of 1
Generator step 7 of 7
Batch 24 of 37 of epoch 2
Discriminator Step 1 of 1
Generator step 7 of 7
Batch 25 of 37 of epoch 2
Discriminator Step 1 of 1
Generator step 7 of 7
Batch 26 of 37 of epoch 2
Discriminator Step 1 of 1
Generator step 7 of 7
Batch 27 of 37 of epoch 2
Discriminator Step 1 of 1
Generator step 7 of 7
Batch 28 of 37 of epoch 2
Discriminator Step 1 of 1
Generator step 7 of 7
Batch 29 of 37 of epoch 2
Discriminator Step 1 of 1
Generator step 7 of 7
Batch 30 of 37 of epoch 2
Discriminator Step 1 of 1
Generator step 7 of 7
Batch 31 of 37 of epoch 2
Discriminator Step 1 of 1
Generator step 7 of 7
Batch 32 of 37 of epoch 2
Discriminator Step 1 of 1
Generator step 7 of 7
Batch 33 of 37 of epoch 2
Discriminator Step 1 of 1
Generator step 7 of 7
Batch 34 of 37 of epoch 2
Discriminator Step 1 of 1
Generator step 7 of 7
Batch 35 of 37 of epoch 2
Discriminator Step 1 of 1
Generator step 7 of 7
Batch 36 of 37 of epoch 2
Discriminator Step 1 of 1
Generator step 7 of 7
Ep: 2, average train loss: wgan: 0.0063768,diff: 0.0004488
Ep: 2, average train loss: gen : -0.0000270,diff: -0.0001908
Evaluating performance
 atch 0 of 4
Looking for example data
Found Example Disease Data

 atch 3 of 4
Logging to wandb
Begin epoch 3
Batch 0 of 37 of epoch 3
Discriminator Step 1 of 1
Generator step 7 of 7
Batch 1 of 37 of epoch 3
Discriminator Step 1 of 1
Generator step 7 of 7
Batch 2 of 37 of epoch 3
Discriminator Step 1 of 1
Generator step 7 of 7
Batch 3 of 37 of epoch 3
Discriminator Step 1 of 1
Generator step 7 of 7
Batch 4 of 37 of epoch 3
Discriminator Step 1 of 1
Generator step 7 of 7
Batch 5 of 37 of epoch 3
Discriminator Step 1 of 1
Generator step 7 of 7
Batch 6 of 37 of epoch 3
Discriminator Step 1 of 1
Generator step 7 of 7
Batch 7 of 37 of epoch 3
Discriminator Step 1 of 1
Generator step 7 of 7
Batch 8 of 37 of epoch 3
Discriminator Step 1 of 1
Generator step 7 of 7
Batch 9 of 37 of epoch 3
Discriminator Step 1 of 1
Generator step 7 of 7
Batch 10 of 37 of epoch 3
Discriminator Step 1 of 1
Generator step 7 of 7
Batch 11 of 37 of epoch 3
Discriminator Step 1 of 1
Generator step 7 of 7
Batch 12 of 37 of epoch 3
Discriminator Step 1 of 1
Generator step 7 of 7
Batch 13 of 37 of epoch 3
Discriminator Step 1 of 1
Generator step 7 of 7
Batch 14 of 37 of epoch 3
Discriminator Step 1 of 1
Generator step 7 of 7
Batch 15 of 37 of epoch 3
Discriminator Step 1 of 1
Generator step 7 of 7
Batch 16 of 37 of epoch 3
Discriminator Step 1 of 1
Generator step 7 of 7
Batch 17 of 37 of epoch 3
Discriminator Step 1 of 1
Generator step 7 of 7
Batch 18 of 37 of epoch 3
Discriminator Step 1 of 1
Generator step 7 of 7
Batch 19 of 37 of epoch 3
Discriminator Step 1 of 1
Generator step 7 of 7
Batch 20 of 37 of epoch 3
Discriminator Step 1 of 1
Generator step 7 of 7
Batch 21 of 37 of epoch 3
Discriminator Step 1 of 1
Generator step 7 of 7
Batch 22 of 37 of epoch 3
Discriminator Step 1 of 1
Generator step 7 of 7
Batch 23 of 37 of epoch 3
Discriminator Step 1 of 1
Generator step 7 of 7
Batch 24 of 37 of epoch 3
Discriminator Step 1 of 1
Generator step 7 of 7
Batch 25 of 37 of epoch 3
Discriminator Step 1 of 1
Generator step 7 of 7
Batch 26 of 37 of epoch 3
Discriminator Step 1 of 1
Generator step 2 of 7

Exception ignored in: <function _releaseLock at 0x75446cb01e40>
Traceback (most recent call last):
  File "/usr/lib/python3.12/logging/__init__.py", line 243, in _releaseLock
    def _releaseLock():

KeyboardInterrupt:
Traceback (most recent call last):
  File "/usr/sci/cibc/ProjectsAndScratch/DeekshithMLECG/explainability/training.py", line 196, in trainExplainabilityNetworks
    abnormal_data, flag = next(abnormal_data_iter)
                          ^^^^^^^^^^^^^^^^^^^^^^^^
  File "/usr/sci/cibc/ProjectsAndScratch/DeekshithMLECG/dev_env/lib/python3.12/site-packages/torch/utils/data/dataloader.py", line 630, in __next__
    data = self._next_data()
           ^^^^^^^^^^^^^^^^^
  File "/usr/sci/cibc/ProjectsAndScratch/DeekshithMLECG/dev_env/lib/python3.12/site-packages/torch/utils/data/dataloader.py", line 1317, in _next_data
    raise StopIteration
StopIteration

During handling of the above exception, another exception occurred:

Traceback (most recent call last):
  File "/usr/sci/cibc/ProjectsAndScratch/DeekshithMLECG/dev_env/lib/python3.12/site-packages/torch/utils/data/dataloader.py", line 1131, in _try_get_data
    data = self._data_queue.get(timeout=timeout)
           ^^^^^^^^^^^^^^^^^^^^^^^^^^^^^^^^^^^^^
  File "/usr/lib/python3.12/multiprocessing/queues.py", line 114, in get
    raise Empty
_queue.Empty

The above exception was the direct cause of the following exception:

Traceback (most recent call last):
  File "/usr/sci/cibc/ProjectsAndScratch/DeekshithMLECG/explainability/kclExplainability.py", line 210, in <module>
    T.trainExplainabilityNetworks(discriminator=discriminator,
  File "/usr/sci/cibc/ProjectsAndScratch/DeekshithMLECG/explainability/training.py", line 199, in trainExplainabilityNetworks
    abnormal_data, flag = next(abnormal_data_iter)
                          ^^^^^^^^^^^^^^^^^^^^^^^^
  File "/usr/sci/cibc/ProjectsAndScratch/DeekshithMLECG/dev_env/lib/python3.12/site-packages/torch/utils/data/dataloader.py", line 630, in __next__
    data = self._next_data()
           ^^^^^^^^^^^^^^^^^
  File "/usr/sci/cibc/ProjectsAndScratch/DeekshithMLECG/dev_env/lib/python3.12/site-packages/torch/utils/data/dataloader.py", line 1327, in _next_data
    idx, data = self._get_data()
                ^^^^^^^^^^^^^^^^
  File "/usr/sci/cibc/ProjectsAndScratch/DeekshithMLECG/dev_env/lib/python3.12/site-packages/torch/utils/data/dataloader.py", line 1293, in _get_data
    success, data = self._try_get_data()
                    ^^^^^^^^^^^^^^^^^^^^
  File "/usr/sci/cibc/ProjectsAndScratch/DeekshithMLECG/dev_env/lib/python3.12/site-packages/torch/utils/data/dataloader.py", line 1144, in _try_get_data
    raise RuntimeError(f'DataLoader worker (pid(s) {pids_str}) exited unexpectedly') from e
RuntimeError: DataLoader worker (pid(s) 1069235, 1069298, 1069377, 1069455, 1069530, 1069618, 1069683, 1069783, 1069894, 1070002, 1070113, 1070227, 1070290, 1070353, 1070416, 1070479, 1070542, 1070605, 1070668, 1070731, 1070794) exited unexpectedly
