Starting Training
Explainibility training started
Begin epoch 0
Batch 0 of 111 of epoch 0
Discriminator Step 1 of 1
/usr/sci/cibc/ProjectsAndScratch/DeekshithMLECG/dev_env/lib/python3.12/site-packages/torch/autograd/graph.py:769: UserWarning: Attempting to run cuBLAS, but there was no current CUDA context! Attempting to set the primary context... (Triggered internally at ../aten/src/ATen/cuda/CublasHandlePool.cpp:135.)
  return Variable._execution_engine.run_backward(  # Calls into the C++ engine to run the backward pass
Generator step 5 of 5
Batch 1 of 111 of epoch 0
Discriminator Step 1 of 1
Generator step 5 of 5
Batch 2 of 111 of epoch 0
Discriminator Step 1 of 1
Generator step 5 of 5
Batch 3 of 111 of epoch 0
Discriminator Step 1 of 1
Generator step 5 of 5
Batch 4 of 111 of epoch 0
Discriminator Step 1 of 1
Generator step 5 of 5
Batch 5 of 111 of epoch 0
Discriminator Step 1 of 1
Generator step 5 of 5
Batch 6 of 111 of epoch 0
Discriminator Step 1 of 1
Generator step 5 of 5
Batch 7 of 111 of epoch 0
Discriminator Step 1 of 1
Generator step 5 of 5
Batch 8 of 111 of epoch 0
Discriminator Step 1 of 1
Generator step 5 of 5
Batch 9 of 111 of epoch 0
Discriminator Step 1 of 1
Generator step 5 of 5
Batch 10 of 111 of epoch 0
Discriminator Step 1 of 1
Generator step 5 of 5
Batch 11 of 111 of epoch 0
Discriminator Step 1 of 1
Generator step 5 of 5
Batch 12 of 111 of epoch 0
Discriminator Step 1 of 1
Generator step 5 of 5
Batch 13 of 111 of epoch 0
Discriminator Step 1 of 1
Generator step 5 of 5
Batch 14 of 111 of epoch 0
Discriminator Step 1 of 1
Generator step 5 of 5
Batch 15 of 111 of epoch 0
Discriminator Step 1 of 1
Generator step 5 of 5
Batch 16 of 111 of epoch 0
Discriminator Step 1 of 1
Generator step 5 of 5
Batch 17 of 111 of epoch 0
Discriminator Step 1 of 1
Generator step 5 of 5
Batch 18 of 111 of epoch 0
Discriminator Step 1 of 1
Generator step 5 of 5
Batch 19 of 111 of epoch 0
Discriminator Step 1 of 1
Generator step 5 of 5
Batch 20 of 111 of epoch 0
Discriminator Step 1 of 1
Generator step 5 of 5
Batch 21 of 111 of epoch 0
Discriminator Step 1 of 1
Generator step 5 of 5
Batch 22 of 111 of epoch 0
Discriminator Step 1 of 1
Generator step 5 of 5
Batch 23 of 111 of epoch 0
Discriminator Step 1 of 1
Generator step 5 of 5
Batch 24 of 111 of epoch 0
Discriminator Step 1 of 1
Generator step 5 of 5
Batch 25 of 111 of epoch 0
Discriminator Step 1 of 1
Generator step 5 of 5
Batch 26 of 111 of epoch 0
Discriminator Step 1 of 1
Generator step 5 of 5
Batch 27 of 111 of epoch 0
Discriminator Step 1 of 1
Generator step 5 of 5
Batch 28 of 111 of epoch 0
Discriminator Step 1 of 1
Generator step 5 of 5
Batch 29 of 111 of epoch 0
Discriminator Step 1 of 1
Generator step 5 of 5
Batch 30 of 111 of epoch 0
Discriminator Step 1 of 1
Generator step 5 of 5
Batch 31 of 111 of epoch 0
Discriminator Step 1 of 1
Generator step 5 of 5
Batch 32 of 111 of epoch 0
Discriminator Step 1 of 1
Generator step 5 of 5
Batch 33 of 111 of epoch 0
Discriminator Step 1 of 1
Generator step 5 of 5
Batch 34 of 111 of epoch 0
Discriminator Step 1 of 1
Generator step 5 of 5
Batch 35 of 111 of epoch 0
Discriminator Step 1 of 1
Generator step 5 of 5
Batch 36 of 111 of epoch 0
Discriminator Step 1 of 1
Generator step 5 of 5
Batch 37 of 111 of epoch 0
Discriminator Step 1 of 1
Generator step 5 of 5
Batch 38 of 111 of epoch 0
Discriminator Step 1 of 1
Generator step 5 of 5
Batch 39 of 111 of epoch 0
Discriminator Step 1 of 1
Generator step 5 of 5
Batch 40 of 111 of epoch 0
Discriminator Step 1 of 1
Generator step 5 of 5
Batch 41 of 111 of epoch 0
Discriminator Step 1 of 1
Generator step 5 of 5
Batch 42 of 111 of epoch 0
Discriminator Step 1 of 1
Generator step 5 of 5
Batch 43 of 111 of epoch 0
Discriminator Step 1 of 1
Generator step 5 of 5
Batch 44 of 111 of epoch 0
Discriminator Step 1 of 1
Generator step 5 of 5
Batch 45 of 111 of epoch 0
Discriminator Step 1 of 1
Generator step 5 of 5
Batch 46 of 111 of epoch 0
Discriminator Step 1 of 1
Generator step 5 of 5
Batch 47 of 111 of epoch 0
Discriminator Step 1 of 1
Generator step 5 of 5
Batch 48 of 111 of epoch 0
Discriminator Step 1 of 1
Generator step 5 of 5
Batch 49 of 111 of epoch 0
Discriminator Step 1 of 1
Generator step 5 of 5
Batch 50 of 111 of epoch 0
Discriminator Step 1 of 1
Generator step 5 of 5
Batch 51 of 111 of epoch 0
Discriminator Step 1 of 1
Generator step 5 of 5
Batch 52 of 111 of epoch 0
Discriminator Step 1 of 1
Generator step 5 of 5
Batch 53 of 111 of epoch 0
Discriminator Step 1 of 1
Generator step 5 of 5
Batch 54 of 111 of epoch 0
Discriminator Step 1 of 1
Generator step 5 of 5
Batch 55 of 111 of epoch 0
Discriminator Step 1 of 1
Generator step 5 of 5
Batch 56 of 111 of epoch 0
Discriminator Step 1 of 1
Generator step 5 of 5
Batch 57 of 111 of epoch 0
Discriminator Step 1 of 1
Generator step 5 of 5
Batch 58 of 111 of epoch 0
Discriminator Step 1 of 1
Generator step 5 of 5
Batch 59 of 111 of epoch 0
Discriminator Step 1 of 1
Generator step 5 of 5
Batch 60 of 111 of epoch 0
Discriminator Step 1 of 1
Generator step 5 of 5
Batch 61 of 111 of epoch 0
Discriminator Step 1 of 1
Generator step 5 of 5
Batch 62 of 111 of epoch 0
Discriminator Step 1 of 1
Generator step 5 of 5
Batch 63 of 111 of epoch 0
Discriminator Step 1 of 1
Generator step 5 of 5
Batch 64 of 111 of epoch 0
Discriminator Step 1 of 1
Generator step 5 of 5
Batch 65 of 111 of epoch 0
Discriminator Step 1 of 1
Generator step 5 of 5
Batch 66 of 111 of epoch 0
Discriminator Step 1 of 1
Generator step 5 of 5
Batch 67 of 111 of epoch 0
Discriminator Step 1 of 1
Generator step 5 of 5
Batch 68 of 111 of epoch 0
Discriminator Step 1 of 1
Generator step 5 of 5
Batch 69 of 111 of epoch 0
Discriminator Step 1 of 1
Generator step 5 of 5
Batch 70 of 111 of epoch 0
Discriminator Step 1 of 1
Generator step 5 of 5
Batch 71 of 111 of epoch 0
Discriminator Step 1 of 1
Generator step 5 of 5
Batch 72 of 111 of epoch 0
Discriminator Step 1 of 1
Generator step 5 of 5
Batch 73 of 111 of epoch 0
Discriminator Step 1 of 1
Generator step 5 of 5
Batch 74 of 111 of epoch 0
Discriminator Step 1 of 1
Generator step 5 of 5
Batch 75 of 111 of epoch 0
Discriminator Step 1 of 1
Generator step 5 of 5
Batch 76 of 111 of epoch 0
Discriminator Step 1 of 1
Generator step 5 of 5
Batch 77 of 111 of epoch 0
Discriminator Step 1 of 1
Generator step 5 of 5
Batch 78 of 111 of epoch 0
Discriminator Step 1 of 1
Generator step 5 of 5
Batch 79 of 111 of epoch 0
Discriminator Step 1 of 1
Generator step 5 of 5
Batch 80 of 111 of epoch 0
Discriminator Step 1 of 1
Generator step 5 of 5
Batch 81 of 111 of epoch 0
Discriminator Step 1 of 1
Generator step 5 of 5
Batch 82 of 111 of epoch 0
Discriminator Step 1 of 1
Generator step 5 of 5
Batch 83 of 111 of epoch 0
Discriminator Step 1 of 1
Generator step 5 of 5
Batch 84 of 111 of epoch 0
Discriminator Step 1 of 1
Generator step 5 of 5
Batch 85 of 111 of epoch 0
Discriminator Step 1 of 1
Generator step 5 of 5
Batch 86 of 111 of epoch 0
Discriminator Step 1 of 1
Generator step 5 of 5
Batch 87 of 111 of epoch 0
Discriminator Step 1 of 1
Generator step 5 of 5
Batch 88 of 111 of epoch 0
Discriminator Step 1 of 1
Generator step 5 of 5
Batch 89 of 111 of epoch 0
Discriminator Step 1 of 1
Generator step 5 of 5
Batch 90 of 111 of epoch 0
Discriminator Step 1 of 1
Generator step 5 of 5
Batch 91 of 111 of epoch 0
Discriminator Step 1 of 1
Generator step 5 of 5
Batch 92 of 111 of epoch 0
Discriminator Step 1 of 1
Generator step 5 of 5
Batch 93 of 111 of epoch 0
Discriminator Step 1 of 1
Generator step 5 of 5
Batch 94 of 111 of epoch 0
Discriminator Step 1 of 1
Generator step 5 of 5
Batch 95 of 111 of epoch 0
Discriminator Step 1 of 1
Generator step 5 of 5
Batch 96 of 111 of epoch 0
Discriminator Step 1 of 1
Generator step 5 of 5
Batch 97 of 111 of epoch 0
Discriminator Step 1 of 1
Generator step 5 of 5
Batch 98 of 111 of epoch 0
Discriminator Step 1 of 1
Generator step 5 of 5
Batch 99 of 111 of epoch 0
Discriminator Step 1 of 1
Generator step 5 of 5
Batch 100 of 111 of epoch 0
Discriminator Step 1 of 1
Generator step 5 of 5
Batch 101 of 111 of epoch 0
Discriminator Step 1 of 1
Generator step 5 of 5
Batch 102 of 111 of epoch 0
Discriminator Step 1 of 1
Generator step 5 of 5
Batch 103 of 111 of epoch 0
Discriminator Step 1 of 1
Generator step 5 of 5
Batch 104 of 111 of epoch 0
Discriminator Step 1 of 1
Generator step 5 of 5
Batch 105 of 111 of epoch 0
Discriminator Step 1 of 1
Generator step 5 of 5
Batch 106 of 111 of epoch 0
Discriminator Step 1 of 1
Generator step 5 of 5
Batch 107 of 111 of epoch 0
Discriminator Step 1 of 1
Generator step 5 of 5
Batch 108 of 111 of epoch 0
Discriminator Step 1 of 1
Generator step 5 of 5
Batch 109 of 111 of epoch 0
Discriminator Step 1 of 1
Generator step 5 of 5
Batch 110 of 111 of epoch 0
Discriminator Step 1 of 1
Generator step 5 of 5
Ep: 0, average train loss: wgan: 0.0114198,diff: 0.0114198
Ep: 0, average train loss: gen : 0.0006210,diff: 0.0006210
Evaluating performance
 atch 0 of 8
Looking for example data
Found Example Disease Data

 atch 1 of 8
Looking for example data

 atch 2 of 8
Looking for example data

 atch 3 of 8
Looking for example data

 atch 4 of 8
Looking for example data

 atch 5 of 8
Looking for example data

 atch 6 of 8
Looking for example data

 atch 7 of 8
Looking for example data


/usr/sci/cibc/ProjectsAndScratch/DeekshithMLECG/explainability/training.py:116: UserWarning: Tight layout not applied. tight_layout cannot make Axes height small enough to accommodate all Axes decorations.
  plt.tight_layout()
Logging to wandb
Begin epoch 1
Batch 0 of 111 of epoch 1
Discriminator Step 1 of 1
Generator step 5 of 5
Batch 1 of 111 of epoch 1
Discriminator Step 1 of 1
Generator step 5 of 5
Batch 2 of 111 of epoch 1
Discriminator Step 1 of 1
Generator step 5 of 5
Batch 3 of 111 of epoch 1
Discriminator Step 1 of 1
Generator step 5 of 5
Batch 4 of 111 of epoch 1
Discriminator Step 1 of 1
Generator step 5 of 5
Batch 5 of 111 of epoch 1
Discriminator Step 1 of 1
Generator step 5 of 5
Batch 6 of 111 of epoch 1
Discriminator Step 1 of 1
Generator step 5 of 5
Batch 7 of 111 of epoch 1
Discriminator Step 1 of 1
Generator step 5 of 5
Batch 8 of 111 of epoch 1
Discriminator Step 1 of 1
Generator step 5 of 5
Batch 9 of 111 of epoch 1
Discriminator Step 1 of 1
Generator step 5 of 5
Batch 10 of 111 of epoch 1
Discriminator Step 1 of 1
Generator step 5 of 5
Batch 11 of 111 of epoch 1
Discriminator Step 1 of 1
Generator step 5 of 5
Batch 12 of 111 of epoch 1
Discriminator Step 1 of 1
Generator step 5 of 5
Batch 13 of 111 of epoch 1
Discriminator Step 1 of 1
Generator step 5 of 5
Batch 14 of 111 of epoch 1
Discriminator Step 1 of 1
Generator step 5 of 5
Batch 15 of 111 of epoch 1
Discriminator Step 1 of 1
Generator step 5 of 5
Batch 16 of 111 of epoch 1
Discriminator Step 1 of 1
Generator step 5 of 5
Batch 17 of 111 of epoch 1
Discriminator Step 1 of 1
Generator step 5 of 5
Batch 18 of 111 of epoch 1
Discriminator Step 1 of 1
Generator step 5 of 5
Batch 19 of 111 of epoch 1
Discriminator Step 1 of 1
Generator step 5 of 5
Batch 20 of 111 of epoch 1
Discriminator Step 1 of 1
Generator step 5 of 5
Batch 21 of 111 of epoch 1
Discriminator Step 1 of 1
Generator step 5 of 5
Batch 22 of 111 of epoch 1
Discriminator Step 1 of 1
Generator step 5 of 5
Batch 23 of 111 of epoch 1
Discriminator Step 1 of 1
Generator step 5 of 5
Batch 24 of 111 of epoch 1
Discriminator Step 1 of 1
Generator step 5 of 5
Batch 25 of 111 of epoch 1
Discriminator Step 1 of 1
Generator step 5 of 5
Batch 26 of 111 of epoch 1
Discriminator Step 1 of 1
Generator step 5 of 5
Batch 27 of 111 of epoch 1
Discriminator Step 1 of 1
Generator step 5 of 5
Batch 28 of 111 of epoch 1
Discriminator Step 1 of 1
Generator step 5 of 5
Batch 29 of 111 of epoch 1
Discriminator Step 1 of 1
Generator step 5 of 5
Batch 30 of 111 of epoch 1
Discriminator Step 1 of 1
Generator step 5 of 5
Batch 31 of 111 of epoch 1
Discriminator Step 1 of 1
Generator step 5 of 5
Batch 32 of 111 of epoch 1
Discriminator Step 1 of 1
Generator step 5 of 5
Batch 33 of 111 of epoch 1
Discriminator Step 1 of 1
Generator step 5 of 5
Batch 34 of 111 of epoch 1
Discriminator Step 1 of 1
Generator step 5 of 5
Batch 35 of 111 of epoch 1
Discriminator Step 1 of 1
Generator step 5 of 5
Batch 36 of 111 of epoch 1
Discriminator Step 1 of 1
Generator step 5 of 5
Batch 37 of 111 of epoch 1
Discriminator Step 1 of 1
Generator step 5 of 5
Batch 38 of 111 of epoch 1
Discriminator Step 1 of 1
Generator step 5 of 5
Batch 39 of 111 of epoch 1
Discriminator Step 1 of 1
Generator step 5 of 5
Batch 40 of 111 of epoch 1
Discriminator Step 1 of 1
Generator step 5 of 5
Batch 41 of 111 of epoch 1
Discriminator Step 1 of 1
Generator step 5 of 5
Batch 42 of 111 of epoch 1
Discriminator Step 1 of 1
Generator step 5 of 5
Batch 43 of 111 of epoch 1
Discriminator Step 1 of 1
Generator step 5 of 5
Batch 44 of 111 of epoch 1
Discriminator Step 1 of 1
Generator step 5 of 5
Batch 45 of 111 of epoch 1
Discriminator Step 1 of 1
Generator step 5 of 5
Batch 46 of 111 of epoch 1
Discriminator Step 1 of 1
Generator step 5 of 5
Batch 47 of 111 of epoch 1
Discriminator Step 1 of 1
Generator step 5 of 5
Batch 48 of 111 of epoch 1
Discriminator Step 1 of 1
Generator step 5 of 5
Batch 49 of 111 of epoch 1
Discriminator Step 1 of 1
Generator step 5 of 5
Batch 50 of 111 of epoch 1
Discriminator Step 1 of 1
Generator step 5 of 5
Batch 51 of 111 of epoch 1
Discriminator Step 1 of 1
Generator step 5 of 5
Batch 52 of 111 of epoch 1
Discriminator Step 1 of 1
Generator step 5 of 5
Batch 53 of 111 of epoch 1
Discriminator Step 1 of 1
Generator step 5 of 5
Batch 54 of 111 of epoch 1
Discriminator Step 1 of 1
Generator step 5 of 5
Batch 55 of 111 of epoch 1
Discriminator Step 1 of 1
Generator step 5 of 5
Batch 56 of 111 of epoch 1
Discriminator Step 1 of 1
Generator step 5 of 5
Batch 57 of 111 of epoch 1
Discriminator Step 1 of 1
Generator step 5 of 5
Batch 58 of 111 of epoch 1
Discriminator Step 1 of 1
Generator step 5 of 5
Batch 59 of 111 of epoch 1
Discriminator Step 1 of 1
Generator step 5 of 5
Batch 60 of 111 of epoch 1
Discriminator Step 1 of 1
Generator step 5 of 5
Batch 61 of 111 of epoch 1
Discriminator Step 1 of 1
Generator step 5 of 5
Batch 62 of 111 of epoch 1
Discriminator Step 1 of 1
Generator step 5 of 5
Batch 63 of 111 of epoch 1
Discriminator Step 1 of 1
Generator step 5 of 5
Batch 64 of 111 of epoch 1
Discriminator Step 1 of 1
Generator step 5 of 5
Batch 65 of 111 of epoch 1
Discriminator Step 1 of 1
Generator step 5 of 5
Batch 66 of 111 of epoch 1
Discriminator Step 1 of 1
Generator step 5 of 5
Batch 67 of 111 of epoch 1
Discriminator Step 1 of 1
Generator step 5 of 5
Batch 68 of 111 of epoch 1
Discriminator Step 1 of 1
Generator step 5 of 5
Batch 69 of 111 of epoch 1
Discriminator Step 1 of 1
Generator step 5 of 5
Batch 70 of 111 of epoch 1
Discriminator Step 1 of 1
Generator step 5 of 5
Batch 71 of 111 of epoch 1
Discriminator Step 1 of 1
Generator step 5 of 5
Batch 72 of 111 of epoch 1
Discriminator Step 1 of 1
Generator step 5 of 5
Batch 73 of 111 of epoch 1
Discriminator Step 1 of 1
Generator step 5 of 5
Batch 74 of 111 of epoch 1
Discriminator Step 1 of 1
Generator step 5 of 5
Batch 75 of 111 of epoch 1
Discriminator Step 1 of 1
Generator step 5 of 5
Batch 76 of 111 of epoch 1
Discriminator Step 1 of 1
Generator step 5 of 5
Batch 77 of 111 of epoch 1
Discriminator Step 1 of 1
Generator step 5 of 5
Batch 78 of 111 of epoch 1
Discriminator Step 1 of 1
Generator step 5 of 5
Batch 79 of 111 of epoch 1
Discriminator Step 1 of 1
Generator step 5 of 5
Batch 80 of 111 of epoch 1
Discriminator Step 1 of 1
Generator step 5 of 5
Batch 81 of 111 of epoch 1
Discriminator Step 1 of 1
Generator step 5 of 5
Batch 82 of 111 of epoch 1
Discriminator Step 1 of 1
Generator step 5 of 5
Batch 83 of 111 of epoch 1
Discriminator Step 1 of 1
Generator step 5 of 5
Batch 84 of 111 of epoch 1
Discriminator Step 1 of 1
Generator step 5 of 5
Batch 85 of 111 of epoch 1
Discriminator Step 1 of 1
Generator step 5 of 5
Batch 86 of 111 of epoch 1
Discriminator Step 1 of 1
Generator step 5 of 5
Batch 87 of 111 of epoch 1
Discriminator Step 1 of 1
Generator step 5 of 5
Batch 88 of 111 of epoch 1
Discriminator Step 1 of 1
Generator step 5 of 5
Batch 89 of 111 of epoch 1
Discriminator Step 1 of 1
Generator step 5 of 5
Batch 90 of 111 of epoch 1
Discriminator Step 1 of 1
Generator step 5 of 5
Batch 91 of 111 of epoch 1
Discriminator Step 1 of 1
Generator step 5 of 5
Batch 92 of 111 of epoch 1
Discriminator Step 1 of 1
Generator step 5 of 5
Batch 93 of 111 of epoch 1
Discriminator Step 1 of 1
Generator step 5 of 5
Batch 94 of 111 of epoch 1
Discriminator Step 1 of 1
Generator step 5 of 5
Batch 95 of 111 of epoch 1
Discriminator Step 1 of 1
Generator step 5 of 5
Batch 96 of 111 of epoch 1
Discriminator Step 1 of 1
Generator step 5 of 5
Batch 97 of 111 of epoch 1
Discriminator Step 1 of 1
Generator step 5 of 5
Batch 98 of 111 of epoch 1
Discriminator Step 1 of 1
Generator step 5 of 5
Batch 99 of 111 of epoch 1
Discriminator Step 1 of 1
Generator step 5 of 5
Batch 100 of 111 of epoch 1
Discriminator Step 1 of 1
Generator step 5 of 5
Batch 101 of 111 of epoch 1
Discriminator Step 1 of 1
Generator step 5 of 5
Batch 102 of 111 of epoch 1
Discriminator Step 1 of 1
Generator step 5 of 5
Batch 103 of 111 of epoch 1
Discriminator Step 1 of 1
Generator step 5 of 5
Batch 104 of 111 of epoch 1
Discriminator Step 1 of 1
Generator step 5 of 5
Batch 105 of 111 of epoch 1
Discriminator Step 1 of 1
Generator step 5 of 5
Batch 106 of 111 of epoch 1
Discriminator Step 1 of 1
Generator step 5 of 5
Batch 107 of 111 of epoch 1
Discriminator Step 1 of 1
Generator step 5 of 5
Batch 108 of 111 of epoch 1
Discriminator Step 1 of 1
Generator step 5 of 5
Batch 109 of 111 of epoch 1
Discriminator Step 1 of 1
Generator step 5 of 5
Batch 110 of 111 of epoch 1
Discriminator Step 1 of 1
Generator step 5 of 5
Ep: 1, average train loss: wgan: 0.0128585,diff: 0.0014387
Ep: 1, average train loss: gen : 0.0002847,diff: -0.0003363
Evaluating performance
 atch 0 of 8
Looking for example data
Found Example Disease Data

 atch 1 of 8
Looking for example data

 atch 2 of 8
Looking for example data

 atch 3 of 8
Looking for example data

 atch 4 of 8
Looking for example data

 atch 5 of 8
Looking for example data

 atch 6 of 8
Looking for example data

 atch 7 of 8
Looking for example data


/usr/sci/cibc/ProjectsAndScratch/DeekshithMLECG/explainability/training.py:116: UserWarning:

Tight layout not applied. tight_layout cannot make Axes height small enough to accommodate all Axes decorations.
Logging to wandb
Begin epoch 2
Batch 0 of 111 of epoch 2
Discriminator Step 1 of 1
Generator step 5 of 5
Batch 1 of 111 of epoch 2
Discriminator Step 1 of 1
Generator step 5 of 5
Batch 2 of 111 of epoch 2
Discriminator Step 1 of 1
Generator step 5 of 5
Batch 3 of 111 of epoch 2
Discriminator Step 1 of 1
Generator step 5 of 5
Batch 4 of 111 of epoch 2
Discriminator Step 1 of 1
Generator step 5 of 5
Batch 5 of 111 of epoch 2
Discriminator Step 1 of 1
Generator step 5 of 5
Batch 6 of 111 of epoch 2
Discriminator Step 1 of 1
Generator step 5 of 5
Batch 7 of 111 of epoch 2
Discriminator Step 1 of 1
Generator step 5 of 5
Batch 8 of 111 of epoch 2
Discriminator Step 1 of 1
Generator step 5 of 5
Batch 9 of 111 of epoch 2
Discriminator Step 1 of 1
Generator step 5 of 5
Batch 10 of 111 of epoch 2
Discriminator Step 1 of 1
Generator step 5 of 5
Batch 11 of 111 of epoch 2
Discriminator Step 1 of 1
Generator step 5 of 5
Batch 12 of 111 of epoch 2
Discriminator Step 1 of 1
Generator step 5 of 5
Batch 13 of 111 of epoch 2
Discriminator Step 1 of 1
Generator step 5 of 5
Batch 14 of 111 of epoch 2
Discriminator Step 1 of 1
Generator step 5 of 5
Batch 15 of 111 of epoch 2
Discriminator Step 1 of 1
Generator step 5 of 5
Batch 16 of 111 of epoch 2
Discriminator Step 1 of 1
Generator step 5 of 5
Batch 17 of 111 of epoch 2
Discriminator Step 1 of 1
Generator step 5 of 5
Batch 18 of 111 of epoch 2
Discriminator Step 1 of 1
Generator step 5 of 5
Batch 19 of 111 of epoch 2
Discriminator Step 1 of 1
Generator step 5 of 5
Batch 20 of 111 of epoch 2
Discriminator Step 1 of 1
Generator step 5 of 5
Batch 21 of 111 of epoch 2
Discriminator Step 1 of 1
Generator step 5 of 5
Batch 22 of 111 of epoch 2
Discriminator Step 1 of 1
Generator step 5 of 5
Batch 23 of 111 of epoch 2
Discriminator Step 1 of 1
Generator step 5 of 5
Batch 24 of 111 of epoch 2
Discriminator Step 1 of 1
Generator step 5 of 5
Batch 25 of 111 of epoch 2
Discriminator Step 1 of 1
Generator step 5 of 5
Batch 26 of 111 of epoch 2
Discriminator Step 1 of 1
Generator step 5 of 5
Batch 27 of 111 of epoch 2
Discriminator Step 1 of 1
Generator step 5 of 5
Batch 28 of 111 of epoch 2
Discriminator Step 1 of 1
Generator step 5 of 5
Batch 29 of 111 of epoch 2
Discriminator Step 1 of 1
Generator step 5 of 5
Batch 30 of 111 of epoch 2
Discriminator Step 1 of 1
Generator step 5 of 5
Batch 31 of 111 of epoch 2
Discriminator Step 1 of 1
Generator step 5 of 5
Batch 32 of 111 of epoch 2
Discriminator Step 1 of 1
Generator step 5 of 5
Batch 33 of 111 of epoch 2
Discriminator Step 1 of 1
Generator step 5 of 5
Batch 34 of 111 of epoch 2
Discriminator Step 1 of 1
Generator step 5 of 5
Batch 35 of 111 of epoch 2
Discriminator Step 1 of 1
Generator step 5 of 5
Batch 36 of 111 of epoch 2
Discriminator Step 1 of 1
Generator step 5 of 5
Batch 37 of 111 of epoch 2
Discriminator Step 1 of 1
Generator step 5 of 5
Batch 38 of 111 of epoch 2
Discriminator Step 1 of 1
Generator step 5 of 5
Batch 39 of 111 of epoch 2
Discriminator Step 1 of 1
Generator step 5 of 5
Batch 40 of 111 of epoch 2
Discriminator Step 1 of 1
Generator step 5 of 5
Batch 41 of 111 of epoch 2
Discriminator Step 1 of 1
Generator step 5 of 5
Batch 42 of 111 of epoch 2
Discriminator Step 1 of 1
Generator step 5 of 5
Batch 43 of 111 of epoch 2
Discriminator Step 1 of 1
Generator step 5 of 5
Batch 44 of 111 of epoch 2
Discriminator Step 1 of 1
Generator step 5 of 5
Batch 45 of 111 of epoch 2
Discriminator Step 1 of 1
Generator step 5 of 5
Batch 46 of 111 of epoch 2
Discriminator Step 1 of 1
Generator step 5 of 5
Batch 47 of 111 of epoch 2
Discriminator Step 1 of 1
Generator step 5 of 5
Batch 48 of 111 of epoch 2
Discriminator Step 1 of 1
Generator step 5 of 5
Batch 49 of 111 of epoch 2
Discriminator Step 1 of 1
Generator step 5 of 5
Batch 50 of 111 of epoch 2
Discriminator Step 1 of 1
Generator step 5 of 5
Batch 51 of 111 of epoch 2
Discriminator Step 1 of 1
Generator step 5 of 5
Batch 52 of 111 of epoch 2
Discriminator Step 1 of 1
Generator step 5 of 5
Batch 53 of 111 of epoch 2
Discriminator Step 1 of 1
Generator step 5 of 5
Batch 54 of 111 of epoch 2
Discriminator Step 1 of 1
Generator step 5 of 5
Batch 55 of 111 of epoch 2
Discriminator Step 1 of 1
Generator step 5 of 5
Batch 56 of 111 of epoch 2
Discriminator Step 1 of 1
Generator step 5 of 5
Batch 57 of 111 of epoch 2
Discriminator Step 1 of 1
Generator step 5 of 5
Batch 58 of 111 of epoch 2
Discriminator Step 1 of 1
Generator step 5 of 5
Batch 59 of 111 of epoch 2
Discriminator Step 1 of 1
Generator step 5 of 5
Batch 60 of 111 of epoch 2
Discriminator Step 1 of 1
Generator step 5 of 5
Batch 61 of 111 of epoch 2
Discriminator Step 1 of 1
Generator step 5 of 5
Batch 62 of 111 of epoch 2
Discriminator Step 1 of 1
Generator step 5 of 5
Batch 63 of 111 of epoch 2
Discriminator Step 1 of 1
Generator step 5 of 5
Batch 64 of 111 of epoch 2
Discriminator Step 1 of 1
Generator step 5 of 5
Batch 65 of 111 of epoch 2
Discriminator Step 1 of 1
Generator step 5 of 5
Batch 66 of 111 of epoch 2
Discriminator Step 1 of 1
Generator step 5 of 5
Batch 67 of 111 of epoch 2
Discriminator Step 1 of 1
Generator step 5 of 5
Batch 68 of 111 of epoch 2
Discriminator Step 1 of 1
Generator step 5 of 5
Batch 69 of 111 of epoch 2
Discriminator Step 1 of 1
Generator step 5 of 5
Batch 70 of 111 of epoch 2
Discriminator Step 1 of 1
Generator step 5 of 5
Batch 71 of 111 of epoch 2
Discriminator Step 1 of 1
Generator step 5 of 5
Batch 72 of 111 of epoch 2
Discriminator Step 1 of 1
Generator step 5 of 5
Batch 73 of 111 of epoch 2
Discriminator Step 1 of 1
Generator step 5 of 5
Batch 74 of 111 of epoch 2
Discriminator Step 1 of 1
Generator step 5 of 5
Batch 75 of 111 of epoch 2
Discriminator Step 1 of 1
Generator step 5 of 5
Batch 76 of 111 of epoch 2
Discriminator Step 1 of 1
Generator step 5 of 5
Batch 77 of 111 of epoch 2
Discriminator Step 1 of 1
Generator step 5 of 5
Batch 78 of 111 of epoch 2
Discriminator Step 1 of 1
Generator step 5 of 5
Batch 79 of 111 of epoch 2
Discriminator Step 1 of 1
Generator step 5 of 5
Batch 80 of 111 of epoch 2
Discriminator Step 1 of 1
Generator step 5 of 5
Batch 81 of 111 of epoch 2
Discriminator Step 1 of 1
Generator step 5 of 5
Batch 82 of 111 of epoch 2
Discriminator Step 1 of 1
Generator step 5 of 5
Batch 83 of 111 of epoch 2
Discriminator Step 1 of 1
Generator step 5 of 5
Batch 84 of 111 of epoch 2
Discriminator Step 1 of 1
Generator step 5 of 5
Batch 85 of 111 of epoch 2
Discriminator Step 1 of 1
Generator step 5 of 5
Batch 86 of 111 of epoch 2
Discriminator Step 1 of 1
Generator step 5 of 5
Batch 87 of 111 of epoch 2
Discriminator Step 1 of 1
Generator step 5 of 5
Batch 88 of 111 of epoch 2
Discriminator Step 1 of 1
Generator step 5 of 5
Batch 89 of 111 of epoch 2
Discriminator Step 1 of 1
Generator step 5 of 5
Batch 90 of 111 of epoch 2
Discriminator Step 1 of 1
Generator step 5 of 5
Batch 91 of 111 of epoch 2
Discriminator Step 1 of 1
Generator step 5 of 5
Batch 92 of 111 of epoch 2
Discriminator Step 1 of 1
Generator step 5 of 5
Batch 93 of 111 of epoch 2
Discriminator Step 1 of 1
Generator step 5 of 5
Batch 94 of 111 of epoch 2
Discriminator Step 1 of 1
Generator step 5 of 5
Batch 95 of 111 of epoch 2
Discriminator Step 1 of 1
Generator step 5 of 5
Batch 96 of 111 of epoch 2
Discriminator Step 1 of 1
Generator step 5 of 5
Batch 97 of 111 of epoch 2
Discriminator Step 1 of 1
Generator step 5 of 5
Batch 98 of 111 of epoch 2
Discriminator Step 1 of 1
Generator step 5 of 5
Batch 99 of 111 of epoch 2
Discriminator Step 1 of 1
Generator step 5 of 5
Batch 100 of 111 of epoch 2
Discriminator Step 1 of 1
Generator step 5 of 5
Batch 101 of 111 of epoch 2
Discriminator Step 1 of 1
Generator step 5 of 5
Batch 102 of 111 of epoch 2
Discriminator Step 1 of 1
Generator step 5 of 5
Batch 103 of 111 of epoch 2
Discriminator Step 1 of 1
Generator step 5 of 5
Batch 104 of 111 of epoch 2
Discriminator Step 1 of 1
Generator step 5 of 5
Batch 105 of 111 of epoch 2
Discriminator Step 1 of 1
Generator step 5 of 5
Batch 106 of 111 of epoch 2
Discriminator Step 1 of 1
Generator step 5 of 5
Batch 107 of 111 of epoch 2
Discriminator Step 1 of 1
Generator step 5 of 5
Batch 108 of 111 of epoch 2
Discriminator Step 1 of 1
Generator step 5 of 5
Batch 109 of 111 of epoch 2
Discriminator Step 1 of 1
Generator step 5 of 5
Batch 110 of 111 of epoch 2
Discriminator Step 1 of 1
Generator step 5 of 5
Ep: 2, average train loss: wgan: 0.0123581,diff: -0.0005004
Ep: 2, average train loss: gen : 0.0002237,diff: -0.0000610
Evaluating performance
 atch 0 of 8
Looking for example data
Found Example Disease Data

 atch 1 of 8
Looking for example data

 atch 2 of 8
Looking for example data

 atch 3 of 8
Looking for example data

 atch 4 of 8
Looking for example data

 atch 5 of 8
Looking for example data

 atch 6 of 8
Looking for example data

 atch 7 of 8
Looking for example data


Logging to wandb
Begin epoch 3
Batch 0 of 111 of epoch 3
Discriminator Step 1 of 1
Generator step 5 of 5
Batch 1 of 111 of epoch 3
Discriminator Step 1 of 1
Generator step 5 of 5
Batch 2 of 111 of epoch 3
Discriminator Step 1 of 1
Generator step 5 of 5
Batch 3 of 111 of epoch 3
Discriminator Step 1 of 1
Generator step 5 of 5
Batch 4 of 111 of epoch 3
Discriminator Step 1 of 1
Generator step 5 of 5
Batch 5 of 111 of epoch 3
Discriminator Step 1 of 1
Generator step 5 of 5
Batch 6 of 111 of epoch 3
Discriminator Step 1 of 1
Generator step 5 of 5
Batch 7 of 111 of epoch 3
Discriminator Step 1 of 1
Generator step 5 of 5
Batch 8 of 111 of epoch 3
Discriminator Step 1 of 1
Generator step 5 of 5
Batch 9 of 111 of epoch 3
Discriminator Step 1 of 1
Generator step 5 of 5
Batch 10 of 111 of epoch 3
Discriminator Step 1 of 1
Generator step 5 of 5
Batch 11 of 111 of epoch 3
Discriminator Step 1 of 1
Generator step 5 of 5
Batch 12 of 111 of epoch 3
Discriminator Step 1 of 1
Generator step 5 of 5
Batch 13 of 111 of epoch 3
Discriminator Step 1 of 1
Generator step 5 of 5
Batch 14 of 111 of epoch 3
Discriminator Step 1 of 1
Generator step 5 of 5
Batch 15 of 111 of epoch 3
Discriminator Step 1 of 1
Generator step 5 of 5
Batch 16 of 111 of epoch 3
Discriminator Step 1 of 1
Generator step 5 of 5
Batch 17 of 111 of epoch 3
Discriminator Step 1 of 1
Generator step 5 of 5
Batch 18 of 111 of epoch 3
Discriminator Step 1 of 1
Generator step 5 of 5
Batch 19 of 111 of epoch 3
Discriminator Step 1 of 1
Generator step 5 of 5
Batch 20 of 111 of epoch 3
Discriminator Step 1 of 1
Generator step 5 of 5
Batch 21 of 111 of epoch 3
Discriminator Step 1 of 1
Generator step 5 of 5
Batch 22 of 111 of epoch 3
Discriminator Step 1 of 1
Generator step 5 of 5
Batch 23 of 111 of epoch 3
Discriminator Step 1 of 1
Generator step 5 of 5
Batch 24 of 111 of epoch 3
Discriminator Step 1 of 1
Generator step 5 of 5
Batch 25 of 111 of epoch 3
Discriminator Step 1 of 1
Generator step 5 of 5
Batch 26 of 111 of epoch 3
Discriminator Step 1 of 1
Generator step 5 of 5
Batch 27 of 111 of epoch 3
Discriminator Step 1 of 1
Generator step 5 of 5
Batch 28 of 111 of epoch 3
Discriminator Step 1 of 1
Generator step 5 of 5
Batch 29 of 111 of epoch 3
Discriminator Step 1 of 1
Generator step 5 of 5
Batch 30 of 111 of epoch 3
Discriminator Step 1 of 1
Generator step 5 of 5
Batch 31 of 111 of epoch 3
Discriminator Step 1 of 1
Generator step 5 of 5
Batch 32 of 111 of epoch 3
Discriminator Step 1 of 1
Generator step 5 of 5
Batch 33 of 111 of epoch 3
Discriminator Step 1 of 1
Generator step 5 of 5
Batch 34 of 111 of epoch 3
Discriminator Step 1 of 1
Generator step 5 of 5
Batch 35 of 111 of epoch 3
Discriminator Step 1 of 1
Generator step 5 of 5
Batch 36 of 111 of epoch 3
Discriminator Step 1 of 1
Generator step 5 of 5
Batch 37 of 111 of epoch 3
Discriminator Step 1 of 1
Generator step 5 of 5
Batch 38 of 111 of epoch 3
Discriminator Step 1 of 1
Generator step 5 of 5
Batch 39 of 111 of epoch 3
Discriminator Step 1 of 1
Generator step 5 of 5
Batch 40 of 111 of epoch 3
Discriminator Step 1 of 1
Generator step 5 of 5
Batch 41 of 111 of epoch 3
Discriminator Step 1 of 1
Generator step 5 of 5
Batch 42 of 111 of epoch 3
Discriminator Step 1 of 1
Generator step 5 of 5
Batch 43 of 111 of epoch 3
Discriminator Step 1 of 1
Generator step 5 of 5
Batch 44 of 111 of epoch 3
Discriminator Step 1 of 1
Generator step 5 of 5
Batch 45 of 111 of epoch 3
Discriminator Step 1 of 1
Generator step 5 of 5
Batch 46 of 111 of epoch 3
Discriminator Step 1 of 1
Generator step 5 of 5
Batch 47 of 111 of epoch 3
Discriminator Step 1 of 1
Generator step 5 of 5
Batch 48 of 111 of epoch 3
Discriminator Step 1 of 1
Generator step 5 of 5
Batch 49 of 111 of epoch 3
Discriminator Step 1 of 1
Generator step 5 of 5
Batch 50 of 111 of epoch 3
Discriminator Step 1 of 1
Generator step 5 of 5
Batch 51 of 111 of epoch 3
Discriminator Step 1 of 1
Generator step 5 of 5
Batch 52 of 111 of epoch 3
Discriminator Step 1 of 1
Generator step 5 of 5
Batch 53 of 111 of epoch 3
Discriminator Step 1 of 1
Generator step 5 of 5
Batch 54 of 111 of epoch 3
Discriminator Step 1 of 1
Generator step 5 of 5
Batch 55 of 111 of epoch 3
Discriminator Step 1 of 1
Generator step 5 of 5
Batch 56 of 111 of epoch 3
Discriminator Step 1 of 1
Generator step 5 of 5
Batch 57 of 111 of epoch 3
Discriminator Step 1 of 1
Generator step 5 of 5
Batch 58 of 111 of epoch 3
Discriminator Step 1 of 1
Generator step 5 of 5
Batch 59 of 111 of epoch 3
Discriminator Step 1 of 1
Generator step 5 of 5
Batch 60 of 111 of epoch 3
Discriminator Step 1 of 1
Generator step 5 of 5
Batch 61 of 111 of epoch 3
Discriminator Step 1 of 1
Generator step 5 of 5
Batch 62 of 111 of epoch 3
Discriminator Step 1 of 1
Generator step 5 of 5
Batch 63 of 111 of epoch 3
Discriminator Step 1 of 1
Generator step 5 of 5
Batch 64 of 111 of epoch 3
Discriminator Step 1 of 1
Generator step 5 of 5
Batch 65 of 111 of epoch 3
Discriminator Step 1 of 1
Generator step 5 of 5
Batch 66 of 111 of epoch 3
Discriminator Step 1 of 1
Generator step 5 of 5
Batch 67 of 111 of epoch 3
Discriminator Step 1 of 1
Generator step 5 of 5
Batch 68 of 111 of epoch 3
Discriminator Step 1 of 1
Generator step 5 of 5
Batch 69 of 111 of epoch 3
Discriminator Step 1 of 1
Generator step 5 of 5
Batch 70 of 111 of epoch 3
Discriminator Step 1 of 1
Generator step 5 of 5
Batch 71 of 111 of epoch 3
Discriminator Step 1 of 1
Generator step 5 of 5
Batch 72 of 111 of epoch 3
Discriminator Step 1 of 1
Generator step 5 of 5
Batch 73 of 111 of epoch 3
Discriminator Step 1 of 1
Generator step 5 of 5
Batch 74 of 111 of epoch 3
Discriminator Step 1 of 1
Generator step 5 of 5
Batch 75 of 111 of epoch 3
Discriminator Step 1 of 1
Generator step 5 of 5
Batch 76 of 111 of epoch 3
Discriminator Step 1 of 1
Generator step 5 of 5
Batch 77 of 111 of epoch 3
Discriminator Step 1 of 1
Generator step 5 of 5
Batch 78 of 111 of epoch 3
Discriminator Step 1 of 1
Generator step 5 of 5
Batch 79 of 111 of epoch 3
Discriminator Step 1 of 1
Generator step 5 of 5
Batch 80 of 111 of epoch 3
Discriminator Step 1 of 1
Generator step 5 of 5
Batch 81 of 111 of epoch 3
Discriminator Step 1 of 1
Generator step 5 of 5
Batch 82 of 111 of epoch 3
Discriminator Step 1 of 1
Generator step 5 of 5
Batch 83 of 111 of epoch 3
Discriminator Step 1 of 1
Generator step 5 of 5
Batch 84 of 111 of epoch 3
Discriminator Step 1 of 1
Generator step 5 of 5
Batch 85 of 111 of epoch 3
Discriminator Step 1 of 1
Generator step 5 of 5
Batch 86 of 111 of epoch 3
Discriminator Step 1 of 1
Generator step 5 of 5
Batch 87 of 111 of epoch 3
Discriminator Step 1 of 1
Generator step 5 of 5
Batch 88 of 111 of epoch 3
Discriminator Step 1 of 1
Generator step 5 of 5
Batch 89 of 111 of epoch 3
Discriminator Step 1 of 1
Generator step 5 of 5
Batch 90 of 111 of epoch 3
Discriminator Step 1 of 1
Generator step 5 of 5
Batch 91 of 111 of epoch 3
Discriminator Step 1 of 1
Generator step 5 of 5
Batch 92 of 111 of epoch 3
Discriminator Step 1 of 1
Generator step 5 of 5
Batch 93 of 111 of epoch 3
Discriminator Step 1 of 1
Generator step 5 of 5
Batch 94 of 111 of epoch 3
Discriminator Step 1 of 1
Generator step 5 of 5
Batch 95 of 111 of epoch 3
Discriminator Step 1 of 1
Generator step 5 of 5
Batch 96 of 111 of epoch 3
Discriminator Step 1 of 1
Generator step 5 of 5
Batch 97 of 111 of epoch 3
Discriminator Step 1 of 1
Generator step 5 of 5
Batch 98 of 111 of epoch 3
Discriminator Step 1 of 1
Generator step 5 of 5
Batch 99 of 111 of epoch 3
Discriminator Step 1 of 1
Generator step 5 of 5
Batch 100 of 111 of epoch 3
Discriminator Step 1 of 1
Generator step 5 of 5
Batch 101 of 111 of epoch 3
Discriminator Step 1 of 1
Generator step 5 of 5
Batch 102 of 111 of epoch 3
Discriminator Step 1 of 1
Generator step 5 of 5
Batch 103 of 111 of epoch 3
Discriminator Step 1 of 1
Generator step 5 of 5
Batch 104 of 111 of epoch 3
Discriminator Step 1 of 1
Generator step 5 of 5
Batch 105 of 111 of epoch 3
Discriminator Step 1 of 1
Generator step 5 of 5
Batch 106 of 111 of epoch 3
Discriminator Step 1 of 1
Generator step 5 of 5
Batch 107 of 111 of epoch 3
Discriminator Step 1 of 1
Generator step 5 of 5
Batch 108 of 111 of epoch 3
Discriminator Step 1 of 1
Generator step 5 of 5
Batch 109 of 111 of epoch 3
Discriminator Step 1 of 1
Generator step 5 of 5
Batch 110 of 111 of epoch 3
Discriminator Step 1 of 1
Generator step 5 of 5
Ep: 3, average train loss: wgan: 0.0115906,diff: -0.0007675
Ep: 3, average train loss: gen : 0.0010465,diff: 0.0008229
Evaluating performance
 atch 0 of 8
Looking for example data
Found Example Disease Data

 atch 1 of 8
Looking for example data

 atch 2 of 8
Looking for example data

 atch 3 of 8
Looking for example data

 atch 4 of 8
Looking for example data

 atch 5 of 8
Looking for example data

 atch 6 of 8
Looking for example data

 atch 7 of 8
Looking for example data


Logging to wandb
Begin epoch 4
Batch 0 of 111 of epoch 4
Discriminator Step 1 of 1
Generator step 5 of 5
Batch 1 of 111 of epoch 4
Discriminator Step 1 of 1
Generator step 5 of 5
Batch 2 of 111 of epoch 4
Discriminator Step 1 of 1
Generator step 5 of 5
Batch 3 of 111 of epoch 4
Discriminator Step 1 of 1
Generator step 5 of 5
Batch 4 of 111 of epoch 4
Discriminator Step 1 of 1
Generator step 5 of 5
Batch 5 of 111 of epoch 4
Discriminator Step 1 of 1
Generator step 5 of 5
Batch 6 of 111 of epoch 4
Discriminator Step 1 of 1
Generator step 5 of 5
Batch 7 of 111 of epoch 4
Discriminator Step 1 of 1
Generator step 5 of 5
Batch 8 of 111 of epoch 4
Discriminator Step 1 of 1
Generator step 5 of 5
Batch 9 of 111 of epoch 4
Discriminator Step 1 of 1
Generator step 5 of 5
Batch 10 of 111 of epoch 4
Discriminator Step 1 of 1
Generator step 5 of 5
Batch 11 of 111 of epoch 4
Discriminator Step 1 of 1
Generator step 5 of 5
Batch 12 of 111 of epoch 4
Discriminator Step 1 of 1
Generator step 5 of 5
Batch 13 of 111 of epoch 4
Discriminator Step 1 of 1
Generator step 5 of 5
Batch 14 of 111 of epoch 4
Discriminator Step 1 of 1
Generator step 5 of 5
Batch 15 of 111 of epoch 4
Discriminator Step 1 of 1
Generator step 5 of 5
Batch 16 of 111 of epoch 4
Discriminator Step 1 of 1
Generator step 5 of 5
Batch 17 of 111 of epoch 4
Discriminator Step 1 of 1
Generator step 5 of 5
Batch 18 of 111 of epoch 4
Discriminator Step 1 of 1
Generator step 5 of 5
Batch 19 of 111 of epoch 4
Discriminator Step 1 of 1
Generator step 5 of 5
Batch 20 of 111 of epoch 4
Discriminator Step 1 of 1
Generator step 5 of 5
Batch 21 of 111 of epoch 4
Discriminator Step 1 of 1
Generator step 5 of 5
Batch 22 of 111 of epoch 4
Discriminator Step 1 of 1
Generator step 5 of 5
Batch 23 of 111 of epoch 4
Discriminator Step 1 of 1
Generator step 5 of 5
Batch 24 of 111 of epoch 4
Discriminator Step 1 of 1
Generator step 5 of 5
Batch 25 of 111 of epoch 4
Discriminator Step 1 of 1
Generator step 5 of 5
Batch 26 of 111 of epoch 4
Discriminator Step 1 of 1
Generator step 5 of 5
Batch 27 of 111 of epoch 4
Discriminator Step 1 of 1
Generator step 5 of 5
Batch 28 of 111 of epoch 4
Discriminator Step 1 of 1
Generator step 5 of 5
Batch 29 of 111 of epoch 4
Discriminator Step 1 of 1
Generator step 5 of 5
Batch 30 of 111 of epoch 4
Discriminator Step 1 of 1
Generator step 5 of 5
Batch 31 of 111 of epoch 4
Discriminator Step 1 of 1
Generator step 5 of 5
Batch 32 of 111 of epoch 4
Discriminator Step 1 of 1
Generator step 5 of 5
Batch 33 of 111 of epoch 4
Discriminator Step 1 of 1
Generator step 5 of 5
Batch 34 of 111 of epoch 4
Discriminator Step 1 of 1
Generator step 5 of 5
Batch 35 of 111 of epoch 4
Discriminator Step 1 of 1
Generator step 5 of 5
Batch 36 of 111 of epoch 4
Discriminator Step 1 of 1
Generator step 5 of 5
Batch 37 of 111 of epoch 4
Discriminator Step 1 of 1
Generator step 5 of 5
Batch 38 of 111 of epoch 4
Discriminator Step 1 of 1
Generator step 5 of 5
Batch 39 of 111 of epoch 4
Discriminator Step 1 of 1
Generator step 5 of 5
Batch 40 of 111 of epoch 4
Discriminator Step 1 of 1
Generator step 5 of 5
Batch 41 of 111 of epoch 4
Discriminator Step 1 of 1
Generator step 5 of 5
Batch 42 of 111 of epoch 4
Discriminator Step 1 of 1
Generator step 5 of 5
Batch 43 of 111 of epoch 4
Discriminator Step 1 of 1
Generator step 5 of 5
Batch 44 of 111 of epoch 4
Discriminator Step 1 of 1
Generator step 5 of 5
Batch 45 of 111 of epoch 4
Discriminator Step 1 of 1
Generator step 5 of 5
Batch 46 of 111 of epoch 4
Discriminator Step 1 of 1
Generator step 5 of 5
Batch 47 of 111 of epoch 4
Discriminator Step 1 of 1
Generator step 5 of 5
Batch 48 of 111 of epoch 4
Discriminator Step 1 of 1
Generator step 5 of 5
Batch 49 of 111 of epoch 4
Discriminator Step 1 of 1
Generator step 5 of 5
Batch 50 of 111 of epoch 4
Discriminator Step 1 of 1
Generator step 5 of 5
Batch 51 of 111 of epoch 4
Discriminator Step 1 of 1
Generator step 5 of 5
Batch 52 of 111 of epoch 4
Discriminator Step 1 of 1
Generator step 5 of 5
Batch 53 of 111 of epoch 4
Discriminator Step 1 of 1
Generator step 5 of 5
Batch 54 of 111 of epoch 4
Discriminator Step 1 of 1
Generator step 5 of 5
Batch 55 of 111 of epoch 4
Discriminator Step 1 of 1
Generator step 5 of 5
Batch 56 of 111 of epoch 4
Discriminator Step 1 of 1
Generator step 5 of 5
Batch 57 of 111 of epoch 4
Discriminator Step 1 of 1
Generator step 5 of 5
Batch 58 of 111 of epoch 4
Discriminator Step 1 of 1
Generator step 5 of 5
Batch 59 of 111 of epoch 4
Discriminator Step 1 of 1
Generator step 5 of 5
Batch 60 of 111 of epoch 4
Discriminator Step 1 of 1
Generator step 5 of 5
Batch 61 of 111 of epoch 4
Discriminator Step 1 of 1
Generator step 5 of 5
Batch 62 of 111 of epoch 4
Discriminator Step 1 of 1
Generator step 5 of 5
Batch 63 of 111 of epoch 4
Discriminator Step 1 of 1
Generator step 5 of 5
Batch 64 of 111 of epoch 4
Discriminator Step 1 of 1
Generator step 5 of 5
Batch 65 of 111 of epoch 4
Discriminator Step 1 of 1
Generator step 5 of 5
Batch 66 of 111 of epoch 4
Discriminator Step 1 of 1
Generator step 5 of 5
Batch 67 of 111 of epoch 4
Discriminator Step 1 of 1
Generator step 5 of 5
Batch 68 of 111 of epoch 4
Discriminator Step 1 of 1
Generator step 5 of 5
Batch 69 of 111 of epoch 4
Discriminator Step 1 of 1
Generator step 5 of 5
Batch 70 of 111 of epoch 4
Discriminator Step 1 of 1
Generator step 5 of 5
Batch 71 of 111 of epoch 4
Discriminator Step 1 of 1
Generator step 5 of 5
Batch 72 of 111 of epoch 4
Discriminator Step 1 of 1
Generator step 5 of 5
Batch 73 of 111 of epoch 4
Discriminator Step 1 of 1
Generator step 5 of 5
Batch 74 of 111 of epoch 4
Discriminator Step 1 of 1
Generator step 5 of 5
Batch 75 of 111 of epoch 4
Discriminator Step 1 of 1
Generator step 5 of 5
Batch 76 of 111 of epoch 4
Discriminator Step 1 of 1
Generator step 5 of 5
Batch 77 of 111 of epoch 4
Discriminator Step 1 of 1
Generator step 5 of 5
Batch 78 of 111 of epoch 4
Discriminator Step 1 of 1
Generator step 5 of 5
Batch 79 of 111 of epoch 4
Discriminator Step 1 of 1
Generator step 5 of 5
Batch 80 of 111 of epoch 4
Discriminator Step 1 of 1
Generator step 5 of 5
Batch 81 of 111 of epoch 4
Discriminator Step 1 of 1
Generator step 5 of 5
Batch 82 of 111 of epoch 4
Discriminator Step 1 of 1
Generator step 5 of 5
Batch 83 of 111 of epoch 4
Discriminator Step 1 of 1
Generator step 5 of 5
Batch 84 of 111 of epoch 4
Discriminator Step 1 of 1
Generator step 5 of 5
Batch 85 of 111 of epoch 4
Discriminator Step 1 of 1
Generator step 5 of 5
Batch 86 of 111 of epoch 4
Discriminator Step 1 of 1
Generator step 5 of 5
Batch 87 of 111 of epoch 4
Discriminator Step 1 of 1
Generator step 5 of 5
Batch 88 of 111 of epoch 4
Discriminator Step 1 of 1
Generator step 5 of 5
Batch 89 of 111 of epoch 4
Discriminator Step 1 of 1
Generator step 5 of 5
Batch 90 of 111 of epoch 4
Discriminator Step 1 of 1
Generator step 5 of 5
Batch 91 of 111 of epoch 4
Discriminator Step 1 of 1
Generator step 5 of 5
Batch 92 of 111 of epoch 4
Discriminator Step 1 of 1
Generator step 5 of 5
Batch 93 of 111 of epoch 4
Discriminator Step 1 of 1
Generator step 5 of 5
Batch 94 of 111 of epoch 4
Discriminator Step 1 of 1
Generator step 5 of 5
Batch 95 of 111 of epoch 4
Discriminator Step 1 of 1
Generator step 5 of 5
Batch 96 of 111 of epoch 4
Discriminator Step 1 of 1
Generator step 5 of 5
Batch 97 of 111 of epoch 4
Discriminator Step 1 of 1
Generator step 5 of 5
Batch 98 of 111 of epoch 4
Discriminator Step 1 of 1
Generator step 5 of 5
Batch 99 of 111 of epoch 4
Discriminator Step 1 of 1
Generator step 5 of 5
Batch 100 of 111 of epoch 4
Discriminator Step 1 of 1
Generator step 5 of 5
Batch 101 of 111 of epoch 4
Discriminator Step 1 of 1
Generator step 5 of 5
Batch 102 of 111 of epoch 4
Discriminator Step 1 of 1
Generator step 5 of 5
Batch 103 of 111 of epoch 4
Discriminator Step 1 of 1
Generator step 5 of 5
Batch 104 of 111 of epoch 4
Discriminator Step 1 of 1
Generator step 5 of 5
Batch 105 of 111 of epoch 4
Discriminator Step 1 of 1
Generator step 5 of 5
Batch 106 of 111 of epoch 4
Discriminator Step 1 of 1
Generator step 5 of 5
Batch 107 of 111 of epoch 4
Discriminator Step 1 of 1
Generator step 5 of 5
Batch 108 of 111 of epoch 4
Discriminator Step 1 of 1
Generator step 5 of 5
Batch 109 of 111 of epoch 4
Discriminator Step 1 of 1
Generator step 5 of 5
Batch 110 of 111 of epoch 4
Discriminator Step 1 of 1
Generator step 5 of 5
Ep: 4, average train loss: wgan: 0.0117338,diff: 0.0001432
Ep: 4, average train loss: gen : 0.0001721,diff: -0.0008744
Evaluating performance
 atch 0 of 8
Looking for example data
Found Example Disease Data

 atch 1 of 8
Looking for example data

 atch 2 of 8
Looking for example data

 atch 3 of 8
Looking for example data

 atch 4 of 8
Looking for example data

 atch 5 of 8
Looking for example data

 atch 6 of 8
Looking for example data

 atch 7 of 8
Looking for example data


Logging to wandb
Begin epoch 5
Batch 0 of 111 of epoch 5
Discriminator Step 1 of 1
Generator step 5 of 5
Batch 1 of 111 of epoch 5
Discriminator Step 1 of 1
Generator step 5 of 5
Batch 2 of 111 of epoch 5
Discriminator Step 1 of 1
Generator step 5 of 5
Batch 3 of 111 of epoch 5
Discriminator Step 1 of 1
Generator step 5 of 5
Batch 4 of 111 of epoch 5
Discriminator Step 1 of 1
Generator step 5 of 5
Batch 5 of 111 of epoch 5
Discriminator Step 1 of 1
Generator step 5 of 5
Batch 6 of 111 of epoch 5
Discriminator Step 1 of 1
Generator step 5 of 5
Batch 7 of 111 of epoch 5
Discriminator Step 1 of 1
Generator step 5 of 5
Batch 8 of 111 of epoch 5
Discriminator Step 1 of 1
Generator step 5 of 5
Batch 9 of 111 of epoch 5
Discriminator Step 1 of 1
Generator step 5 of 5
Batch 10 of 111 of epoch 5
Discriminator Step 1 of 1
Generator step 5 of 5
Batch 11 of 111 of epoch 5
Discriminator Step 1 of 1
Generator step 5 of 5
Batch 12 of 111 of epoch 5
Discriminator Step 1 of 1
Generator step 5 of 5
Batch 13 of 111 of epoch 5
Discriminator Step 1 of 1
Generator step 5 of 5
Batch 14 of 111 of epoch 5
Discriminator Step 1 of 1
Generator step 5 of 5
Batch 15 of 111 of epoch 5
Discriminator Step 1 of 1
Generator step 5 of 5
Batch 16 of 111 of epoch 5
Discriminator Step 1 of 1
Generator step 5 of 5
Batch 17 of 111 of epoch 5
Discriminator Step 1 of 1
Generator step 5 of 5
Batch 18 of 111 of epoch 5
Discriminator Step 1 of 1
Generator step 5 of 5
Batch 19 of 111 of epoch 5
Discriminator Step 1 of 1
Generator step 5 of 5
Batch 20 of 111 of epoch 5
Discriminator Step 1 of 1
Generator step 5 of 5
Batch 21 of 111 of epoch 5
Discriminator Step 1 of 1
Generator step 5 of 5
Batch 22 of 111 of epoch 5
Discriminator Step 1 of 1
Generator step 5 of 5
Batch 23 of 111 of epoch 5
Discriminator Step 1 of 1
Generator step 5 of 5
Batch 24 of 111 of epoch 5
Discriminator Step 1 of 1
Generator step 5 of 5
Batch 25 of 111 of epoch 5
Discriminator Step 1 of 1
Generator step 5 of 5
Batch 26 of 111 of epoch 5
Discriminator Step 1 of 1
Generator step 5 of 5
Batch 27 of 111 of epoch 5
Discriminator Step 1 of 1
Generator step 5 of 5
Batch 28 of 111 of epoch 5
Discriminator Step 1 of 1
Generator step 5 of 5
Batch 29 of 111 of epoch 5
Discriminator Step 1 of 1
Generator step 5 of 5
Batch 30 of 111 of epoch 5
Discriminator Step 1 of 1
Generator step 5 of 5
Batch 31 of 111 of epoch 5
Discriminator Step 1 of 1
Generator step 5 of 5
Batch 32 of 111 of epoch 5
Discriminator Step 1 of 1
Generator step 5 of 5
Batch 33 of 111 of epoch 5
Discriminator Step 1 of 1
Generator step 5 of 5
Batch 34 of 111 of epoch 5
Discriminator Step 1 of 1
Generator step 5 of 5
Batch 35 of 111 of epoch 5

Exception ignored in: <function _releaseLock at 0x7b8dcb7f9e40>
Traceback (most recent call last):
  File "/usr/lib/python3.12/logging/__init__.py", line 243, in _releaseLock
    def _releaseLock():

KeyboardInterrupt:
Traceback (most recent call last):
  File "/usr/sci/cibc/ProjectsAndScratch/DeekshithMLECG/explainability/training.py", line 158, in trainExplainabilityNetworks
    abnormal_data, flag = next(abnormal_data_iter)
                          ^^^^^^^^^^^^^^^^^^^^^^^^
  File "/usr/sci/cibc/ProjectsAndScratch/DeekshithMLECG/dev_env/lib/python3.12/site-packages/torch/utils/data/dataloader.py", line 630, in __next__
    data = self._next_data()
           ^^^^^^^^^^^^^^^^^
  File "/usr/sci/cibc/ProjectsAndScratch/DeekshithMLECG/dev_env/lib/python3.12/site-packages/torch/utils/data/dataloader.py", line 1317, in _next_data
    raise StopIteration
StopIteration

During handling of the above exception, another exception occurred:

Traceback (most recent call last):
  File "/usr/sci/cibc/ProjectsAndScratch/DeekshithMLECG/dev_env/lib/python3.12/site-packages/torch/utils/data/dataloader.py", line 1131, in _try_get_data
    data = self._data_queue.get(timeout=timeout)
           ^^^^^^^^^^^^^^^^^^^^^^^^^^^^^^^^^^^^^
  File "/usr/lib/python3.12/multiprocessing/queues.py", line 114, in get
    raise Empty
_queue.Empty

The above exception was the direct cause of the following exception:

Traceback (most recent call last):
  File "/usr/sci/cibc/ProjectsAndScratch/DeekshithMLECG/explainability/kclExplainability.py", line 213, in <module>
    T.trainExplainabilityNetworks(discriminator=discriminator,
  File "/usr/sci/cibc/ProjectsAndScratch/DeekshithMLECG/explainability/training.py", line 161, in trainExplainabilityNetworks
    abnormal_data, flag = next(abnormal_data_iter)
                          ^^^^^^^^^^^^^^^^^^^^^^^^
  File "/usr/sci/cibc/ProjectsAndScratch/DeekshithMLECG/dev_env/lib/python3.12/site-packages/torch/utils/data/dataloader.py", line 630, in __next__
    data = self._next_data()
           ^^^^^^^^^^^^^^^^^
  File "/usr/sci/cibc/ProjectsAndScratch/DeekshithMLECG/dev_env/lib/python3.12/site-packages/torch/utils/data/dataloader.py", line 1327, in _next_data
    idx, data = self._get_data()
                ^^^^^^^^^^^^^^^^
  File "/usr/sci/cibc/ProjectsAndScratch/DeekshithMLECG/dev_env/lib/python3.12/site-packages/torch/utils/data/dataloader.py", line 1293, in _get_data
    success, data = self._try_get_data()
                    ^^^^^^^^^^^^^^^^^^^^
  File "/usr/sci/cibc/ProjectsAndScratch/DeekshithMLECG/dev_env/lib/python3.12/site-packages/torch/utils/data/dataloader.py", line 1144, in _try_get_data
    raise RuntimeError(f'DataLoader worker (pid(s) {pids_str}) exited unexpectedly') from e
RuntimeError: DataLoader worker (pid(s) 59411, 59474, 59537, 59600, 59663, 59726, 59789, 59852, 59915, 59978, 60041, 60104, 60167, 60230, 60293, 60356, 60419, 60482) exited unexpectedly
