Starting Training
Explainibility training started
Begin epoch 0
Batch 0 of 12
Discriminator Step 5 of 5
Generator step 1 of 1
Batch 1 of 12
Discriminator Step 5 of 5
Generator step 1 of 1
Batch 2 of 12
Discriminator Step 5 of 5
Generator step 1 of 1
Batch 3 of 12
Discriminator Step 5 of 5
Generator step 1 of 1
Batch 4 of 12
Discriminator Step 5 of 5
Generator step 1 of 1
Batch 5 of 12
Discriminator Step 5 of 5
Generator step 1 of 1
Batch 6 of 12
Discriminator Step 5 of 5
Generator step 1 of 1
Batch 7 of 12
Discriminator Step 5 of 5
Generator step 1 of 1
Batch 8 of 12
Discriminator Step 5 of 5
Generator step 1 of 1
Batch 9 of 12
Discriminator Step 5 of 5
Generator step 1 of 1
Batch 10 of 12
Discriminator Step 5 of 5
Generator step 1 of 1
Batch 11 of 12
Discriminator Step 5 of 5
Generator step 1 of 1
Ep: 0, average train loss: wgan: -0.0715725,diff: -0.0715725
Ep: 0, average train loss: gen : -0.2909798,diff: -0.2909798
Evaluating performance
 atch 0 of 1           
Looking for example data
Found Example Disease Data


/usr/sci/cibc/ProjectsAndScratch/DeekshithMLECG/explainability/training.py:101: UserWarning: Tight layout not applied. tight_layout cannot make Axes height small enough to accommodate all Axes decorations.
  plt.tight_layout()
Logging to wandb
Begin epoch 1
Batch 0 of 12
Discriminator Step 5 of 5
Generator step 1 of 1
Batch 1 of 12
Discriminator Step 5 of 5
Generator step 1 of 1
Batch 2 of 12
Discriminator Step 5 of 5
Generator step 1 of 1
Batch 3 of 12
Discriminator Step 5 of 5
Generator step 1 of 1
Batch 4 of 12
Discriminator Step 5 of 5
Generator step 1 of 1
Batch 5 of 12
Discriminator Step 5 of 5
Generator step 1 of 1
Batch 6 of 12
Discriminator Step 5 of 5
Generator step 1 of 1
Batch 7 of 12
Discriminator Step 5 of 5
Generator step 1 of 1
Batch 8 of 12
Discriminator Step 5 of 5
Generator step 1 of 1
Batch 9 of 12
Discriminator Step 5 of 5
Generator step 1 of 1
Batch 10 of 12
Discriminator Step 5 of 5
Generator step 1 of 1
Batch 11 of 12
Discriminator Step 5 of 5
Generator step 1 of 1
Ep: 1, average train loss: wgan: -0.1018885,diff: -0.0303160
Ep: 1, average train loss: gen : -0.4630218,diff: -0.1720420
Evaluating performance
 atch 0 of 1           
Looking for example data
Found Example Disease Data


/usr/sci/cibc/ProjectsAndScratch/DeekshithMLECG/explainability/training.py:101: UserWarning:

Tight layout not applied. tight_layout cannot make Axes height small enough to accommodate all Axes decorations.
Logging to wandb
Begin epoch 2
Batch 0 of 12
Discriminator Step 5 of 5
Generator step 1 of 1
Batch 1 of 12
Discriminator Step 5 of 5
Generator step 1 of 1
Batch 2 of 12
Discriminator Step 5 of 5
Generator step 1 of 1
Batch 3 of 12
Discriminator Step 5 of 5
Generator step 1 of 1
Batch 4 of 12
Discriminator Step 5 of 5
Generator step 1 of 1
Batch 5 of 12
Discriminator Step 5 of 5
Generator step 1 of 1
Batch 6 of 12
Discriminator Step 5 of 5
Generator step 1 of 1
Batch 7 of 12
Discriminator Step 5 of 5
Generator step 1 of 1
Batch 8 of 12
Discriminator Step 5 of 5
Generator step 1 of 1
Batch 9 of 12
Discriminator Step 5 of 5
Generator step 1 of 1
Batch 10 of 12
Discriminator Step 5 of 5
Generator step 1 of 1
Batch 11 of 12
Discriminator Step 5 of 5
Generator step 1 of 1
Ep: 2, average train loss: wgan: -0.1323200,diff: -0.0304315
Ep: 2, average train loss: gen : -0.6083057,diff: -0.1452839
Evaluating performance
 atch 0 of 1           
Looking for example data
Found Example Disease Data


Logging to wandb
Begin epoch 3
Batch 0 of 12
Discriminator Step 5 of 5
Generator step 1 of 1
Batch 1 of 12
Discriminator Step 5 of 5
Generator step 1 of 1
Batch 2 of 12
Discriminator Step 5 of 5
Generator step 1 of 1
Batch 3 of 12
Discriminator Step 5 of 5
Generator step 1 of 1
Batch 4 of 12
Discriminator Step 5 of 5
Generator step 1 of 1
Batch 5 of 12
Discriminator Step 5 of 5
Generator step 1 of 1
Batch 6 of 12
Discriminator Step 5 of 5
Generator step 1 of 1
Batch 7 of 12
Discriminator Step 5 of 5
Generator step 1 of 1
Batch 8 of 12
Discriminator Step 5 of 5
Generator step 1 of 1
Batch 9 of 12
Discriminator Step 5 of 5
Generator step 1 of 1
Batch 10 of 12
Discriminator Step 5 of 5
Generator step 1 of 1
Batch 11 of 12
Discriminator Step 5 of 5
Generator step 1 of 1
Ep: 3, average train loss: wgan: -0.1632921,diff: -0.0309721
Ep: 3, average train loss: gen : -0.7559867,diff: -0.1476809
Evaluating performance
 atch 0 of 1           
Looking for example data
Found Example Disease Data


Logging to wandb
Begin epoch 4
Batch 0 of 12
Discriminator Step 5 of 5
Generator step 1 of 1
Batch 1 of 12
Discriminator Step 5 of 5
Generator step 1 of 1
Batch 2 of 12
Discriminator Step 5 of 5
Generator step 1 of 1
Batch 3 of 12
Discriminator Step 5 of 5
Generator step 1 of 1
Batch 4 of 12
Discriminator Step 5 of 5
Generator step 1 of 1
Batch 5 of 12
Discriminator Step 5 of 5
Generator step 1 of 1
Batch 6 of 12
Discriminator Step 5 of 5
Generator step 1 of 1
Batch 7 of 12
Discriminator Step 5 of 5
Generator step 1 of 1
Batch 8 of 12
Discriminator Step 5 of 5
Generator step 1 of 1
Batch 9 of 12
Discriminator Step 5 of 5
Generator step 1 of 1
Batch 10 of 12
Discriminator Step 5 of 5
Generator step 1 of 1
Batch 11 of 12
Discriminator Step 5 of 5
Generator step 1 of 1
Ep: 4, average train loss: wgan: -0.1948772,diff: -0.0315851
Ep: 4, average train loss: gen : -0.9064153,diff: -0.1504286
Evaluating performance
 atch 0 of 1           
Looking for example data
Found Example Disease Data


Logging to wandb
Begin epoch 5
Batch 0 of 12
Discriminator Step 5 of 5
Generator step 1 of 1
Batch 1 of 12
Discriminator Step 5 of 5
Generator step 1 of 1
Batch 2 of 12
Discriminator Step 5 of 5
Generator step 1 of 1
Batch 3 of 12
Discriminator Step 5 of 5
Generator step 1 of 1
Batch 4 of 12
Discriminator Step 5 of 5
Generator step 1 of 1
Batch 5 of 12
Discriminator Step 5 of 5
Generator step 1 of 1
Batch 6 of 12
Discriminator Step 5 of 5
Generator step 1 of 1
Batch 7 of 12
Discriminator Step 5 of 5
Generator step 1 of 1
Batch 8 of 12
Discriminator Step 5 of 5
Generator step 1 of 1
Batch 9 of 12
Discriminator Step 3 of 5

Exception ignored in: <function _releaseLock at 0x79b27d7da520>
Traceback (most recent call last):
  File "/usr/lib/python3.12/logging/__init__.py", line 243, in _releaseLock
    def _releaseLock():

KeyboardInterrupt:
Traceback (most recent call last):
  File "/usr/sci/cibc/ProjectsAndScratch/DeekshithMLECG/explainability/training.py", line 136, in trainExplainabilityNetworks
    normal_data, flag = next(normal_data_iter)
                        ^^^^^^^^^^^^^^^^^^^^^^
  File "/usr/sci/cibc/ProjectsAndScratch/DeekshithMLECG/dev_env/lib/python3.12/site-packages/torch/utils/data/dataloader.py", line 630, in __next__
    data = self._next_data()
           ^^^^^^^^^^^^^^^^^
  File "/usr/sci/cibc/ProjectsAndScratch/DeekshithMLECG/dev_env/lib/python3.12/site-packages/torch/utils/data/dataloader.py", line 1317, in _next_data
    raise StopIteration
StopIteration

During handling of the above exception, another exception occurred:

Traceback (most recent call last):
  File "/usr/sci/cibc/ProjectsAndScratch/DeekshithMLECG/explainability/dummyData.py", line 152, in <module>
    T.trainExplainabilityNetworks(discriminator=discriminator,
  File "/usr/sci/cibc/ProjectsAndScratch/DeekshithMLECG/explainability/training.py", line 139, in trainExplainabilityNetworks
    normal_data, flag = next(normal_data_iter)
                        ^^^^^^^^^^^^^^^^^^^^^^
  File "/usr/sci/cibc/ProjectsAndScratch/DeekshithMLECG/dev_env/lib/python3.12/site-packages/torch/utils/data/dataloader.py", line 630, in __next__
    data = self._next_data()
           ^^^^^^^^^^^^^^^^^
  File "/usr/sci/cibc/ProjectsAndScratch/DeekshithMLECG/dev_env/lib/python3.12/site-packages/torch/utils/data/dataloader.py", line 1327, in _next_data
    idx, data = self._get_data()
                ^^^^^^^^^^^^^^^^
  File "/usr/sci/cibc/ProjectsAndScratch/DeekshithMLECG/dev_env/lib/python3.12/site-packages/torch/utils/data/dataloader.py", line 1293, in _get_data
    success, data = self._try_get_data()
                    ^^^^^^^^^^^^^^^^^^^^
  File "/usr/sci/cibc/ProjectsAndScratch/DeekshithMLECG/dev_env/lib/python3.12/site-packages/torch/utils/data/dataloader.py", line 1131, in _try_get_data
    data = self._data_queue.get(timeout=timeout)
           ^^^^^^^^^^^^^^^^^^^^^^^^^^^^^^^^^^^^^
  File "/usr/lib/python3.12/multiprocessing/queues.py", line 113, in get
    if not self._poll(timeout):
           ^^^^^^^^^^^^^^^^^^^
  File "/usr/lib/python3.12/multiprocessing/connection.py", line 257, in poll
    return self._poll(timeout)
           ^^^^^^^^^^^^^^^^^^^
  File "/usr/lib/python3.12/multiprocessing/connection.py", line 440, in _poll
    r = wait([self], timeout)
        ^^^^^^^^^^^^^^^^^^^^^
  File "/usr/lib/python3.12/multiprocessing/connection.py", line 1136, in wait
    ready = selector.select(timeout)
            ^^^^^^^^^^^^^^^^^^^^^^^^
  File "/usr/lib/python3.12/selectors.py", line 415, in select
    fd_event_list = self._selector.poll(timeout)
                    ^^^^^^^^^^^^^^^^^^^^^^^^^^^^
KeyboardInterrupt
